session generation v3.7.9 (build 1) (c)Maxim IC 2006-2011
UCL Version: 2.4.10-snapshot1504231430 (rev 2153) - release FREE_RELEASE (May 11 2015)<session SCP-ANGELA-ECDSA>
<host>.0000001.CON_REQ
beefed01000090f3
<chip>.0000002.CON_REP
beefed0200009001
<host>.0000003.ACK
beefed06000090c7
<host>.0000004.DATA_TRANSFER-HELLO
beefed05000e90c31000000a48454c4c4f20424c030236920731
<chip>.0000005.ACK
beefed06000090c7
<chip>.0000006.DATA_TRANSFER-HELLO_REP
beefed05003691622000003248454c4c4f20484f535401000000000000c00500abcdef01000102abcdaef600000000000000000000000000000000000000a836acf6
<host>.0000007.ACK
beefed06000091a3
<host>.0000008.DATA_TRANSFER-write-crk
beefed0500c892dc5a000084470a00807ef0dc464fa76ee8832b9382cec8d4605a1a593873277cceb21d252542cbf3b2c214afcfff18c695b2d108e36ab6b2331cb5fe1142b3a738d026062323a998dd27461ecdca73c2e08d32b0a44545098b80bb22d98d975b49b7ffc41026c9901afeec5ef8e127ae371c3120dd78231ef6f6e6080432a36fa4128808e5f416cf6a51f092fc06b5ef723a1ff1d91fffd14ee21ec0ee967b4f49ef4aa377bbf38e83694db841000c9e015de9b4161d94655ed0897a05fc376d3d1429bac7046378dfd66869b9
<chip>.0000009.ACK
beefed0600009240
<chip>.0000010.DATA_TRANSFER-write_crk_response
beefed05000893bd5a00000400000000fc664624
<host>.0000011.ACK
beefed0600009302
<host>.0000012.DISC_REQ
beefed0300009496
<chip>.0000013.DISC_REP
beefed0400009488
