session generation v3.7.7 (build 1) (c)Maxim IC 2006-2011
UCL Version: 2.4.1-snapshot1404011606 (rev 1935-dirty) - release FREE_DEBUG (Apr  1 2014)<session SCP-ANGELA-ECDSA>
<host>.0000001.CON_REQ
beefed01000090f3
<chip>.0000002.CON_REP
beefed0200009001
<host>.0000003.ACK
beefed06000090c7
<host>.0000004.DATA_TRANSFER-HELLO
beefed05000e90c31000000a48454c4c4f20424c030236920731
<chip>.0000005.ACK
beefed06000090c7
<chip>.0000006.DATA_TRANSFER-HELLO_REP
beefed05003691622000003248454c4c4f20484f535401000000000000c000000000000000000000000000000000000000000000000000000000000000000ff7f7b7
<host>.0000007.ACK
beefed06000091a3
<host>.0000008.DATA_TRANSFER-write-timeout
beefed05004992605a000005442655000023b94791f0cfd966cfaff5719f2cfc4682da9a2e2257b16d7291ea126da930c7ec2359902062b06c836421136965146a94eda353e84d6c07042ff80e03ee7ae7a2416b77
<chip>.0000009.ACK
beefed0600009240
<chip>.0000010.DATA_TRANSFER-write_timeout_response
beefed05000893bd5a00000400000000fc664624
<host>.0000011.ACK
beefed0600009302
<host>.0000012.DATA_TRANSFER-write-timeout
beefed05004994905a010005442600f30023b94791f0cfd966cfaff5719f2cfc4682da9a2e2257b16d7291ea126da930c768c6bed127ce79197f69ae54fb795eab97a2728294c5963c958b189e4d4959dd5d81d289
<chip>.0000013.ACK
beefed0600009465
<chip>.0000014.DATA_TRANSFER-write_timeout_response
beefed05000895ae5a01000400000000e002b9a4
<host>.0000015.ACK
beefed06000095f1
<host>.0000016.DISC_REQ
beefed03000096c6
<chip>.0000017.DISC_REP
beefed040000968a
