session generation v3.7.9 (build 1) (c)Maxim IC 2006-2011
UCL Version: 2.4.10-snapshot1504231430 (rev 2153) - release FREE_RELEASE (May 11 2015)<session SCP-ANGELA-ECDSA>
<host>.0000001.CON_REQ
beefed01000090f3
<chip>.0000002.CON_REP
beefed0200009001
<host>.0000003.ACK
beefed06000090c7
<host>.0000004.DATA_TRANSFER-HELLO
beefed05000e90c31000000a48454c4c4f20424c030236920731
<chip>.0000005.ACK
beefed06000090c7
<chip>.0000006.DATA_TRANSFER-HELLO_REP
beefed05003691622000003248454c4c4f20484f535401000000000000c00500abcdef01000102abcdaef600000000000000000000000000000000000000a836acf6
<host>.0000007.ACK
beefed06000091a3
<host>.0000008.DATA_TRANSFER-write-crk
beefed0500c892dc5a000084470a00800516fa5d7af1d44392b511a5e4a896fa608b6ef39fb3f7cde124a54e1e6818fd04c96eb895162b20f1559d8a22c946eeca4286e6b26ca68300499412b66031e1a575b602bd0564ed100150b119a983b5e5299d44cb3ce9b11892719a789ae142aa056ee42ef5ecfb40443d5a122ceab88edb2b0ae35b56ca53f61a9df1efbee6a575b602bd0564ed100150b119a983b5e5299d44cb3ce9b11892719a789ae142bff743ac92ddfa7399670a80298cdc5fc13b5198d7ff31576b33f56f35884317294f26d2
<chip>.0000009.ACK
beefed0600009240
<chip>.0000010.DATA_TRANSFER-write_crk_response
beefed05000893bd5a00000400000000fc664624
<host>.0000011.ACK
beefed0600009302
<host>.0000012.DISC_REQ
beefed0300009496
<chip>.0000013.DISC_REP
beefed0400009488
