session generation v3.7.14 (build 1) (c)Maxim IC 2006-2011
<session SCP-ANGELA-ECDSA>
<host>.0000001.CON_REQ
beefed01000090f3
<chip>.0000002.CON_REP
beefed0200009001
<host>.0000003.ACK
beefed06000090c7
<host>.0000004.DATA_TRANSFER-HELLO
beefed05000e90c31000000a48454c4c4f20424c030236920731
<chip>.0000005.ACK
beefed06000090c7
<chip>.0000006.DATA_TRANSFER-HELLO_REP
beefed05003691622000003248454c4c4f20484f535401000000000000c000000000000000000000000000000000000000000000000000000000000000000ff7f7b7
<host>.0000007.ACK
beefed06000091a3
<host>.0000008.DATA_TRANSFER-write-timeout
beefed05004992605a0000054426550000a051af5d25201e663df1eb858e3c6052677d1c626faa4f4a79a4a361825808d5a4ebea639f1a6dfe577b179fa1f50d80e0d8aaa3cf06ded2611d456bda11259ba9febc30
<chip>.0000009.ACK
beefed0600009240
<chip>.0000010.DATA_TRANSFER-write_timeout_response
beefed05000893bd5a00000400000000fc664624
<host>.0000011.ACK
beefed0600009302
<host>.0000012.DATA_TRANSFER-write-timeout
beefed05004994905a01000544265600007301f4459c40966e194efa28447f6485cfe07a299bc98bfa09f03f80ecbe9031f9f374dd36d79cbcad0e79d30152dded8962429817a73ae7db2d6b2fd9bdd3b4ea92112f
<chip>.0000013.ACK
beefed0600009465
<chip>.0000014.DATA_TRANSFER-write_timeout_response
beefed05000895ae5a01000400000000e002b9a4
<host>.0000015.ACK
beefed06000095f1
<host>.0000016.DATA_TRANSFER-write-timeout
beefed05004996bb5a020005442600fa007493c0a6b4ddecafe3d8013c38364df02c7be629ed3c26b413117bdd6d8d2458ed508d7baf9bb4b2379243134aab1a28094d9ec2d6afd71e7e49e5e07ba269160e95ec3f
<chip>.0000017.ACK
beefed06000096f9
<chip>.0000018.DATA_TRANSFER-write_timeout_response
beefed05000897995a02000400000000cb4ac596
<host>.0000019.ACK
beefed06000097e1
<host>.0000020.DISC_REQ
beefed03000098c2
<chip>.0000021.DISC_REP
beefed04000098d7
